-------------------------------------------------------------------------------
Test set: com.awakelabs.writeservice.WriteServiceApplicationTests
-------------------------------------------------------------------------------
Tests run: 1, Failures: 0, Errors: 1, Skipped: 0, Time elapsed: 6.177 s <<< FAILURE! - in com.awakelabs.writeservice.WriteServiceApplicationTests
contextLoads  Time elapsed: 0 s  <<< ERROR!
java.lang.IllegalStateException: Failed to load ApplicationContext
Caused by: org.springframework.beans.factory.UnsatisfiedDependencyException: Error creating bean with name 'vitalSignWriteController': Unsatisfied dependency expressed through field 'vitalSignWriteService'; nested exception is org.springframework.beans.factory.UnsatisfiedDependencyException: Error creating bean with name 'vitalSignWriteService' defined in file [/Users/tanbirsagar/Documents/Projects/awakelabs-api-backend/write-service/target/classes/com/awakelabs/writeservice/service/VitalSignWriteService.class]: Unsatisfied dependency expressed through constructor parameter 2; nested exception is org.springframework.beans.factory.NoSuchBeanDefinitionException: No qualifying bean of type 'com.awakelabs.writeservice.service.EncoderService' available: expected at least 1 bean which qualifies as autowire candidate. Dependency annotations: {}
Caused by: org.springframework.beans.factory.UnsatisfiedDependencyException: Error creating bean with name 'vitalSignWriteService' defined in file [/Users/tanbirsagar/Documents/Projects/awakelabs-api-backend/write-service/target/classes/com/awakelabs/writeservice/service/VitalSignWriteService.class]: Unsatisfied dependency expressed through constructor parameter 2; nested exception is org.springframework.beans.factory.NoSuchBeanDefinitionException: No qualifying bean of type 'com.awakelabs.writeservice.service.EncoderService' available: expected at least 1 bean which qualifies as autowire candidate. Dependency annotations: {}
Caused by: org.springframework.beans.factory.NoSuchBeanDefinitionException: No qualifying bean of type 'com.awakelabs.writeservice.service.EncoderService' available: expected at least 1 bean which qualifies as autowire candidate. Dependency annotations: {}

